<?xml version="1.0" encoding="UTF-8"?>
<testsuite xmlns:xsi="http://www.w3.org/2001/XMLSchema-instance" xsi:noNamespaceSchemaLocation="https://maven.apache.org/surefire/maven-surefire-plugin/xsd/surefire-test-report.xsd" name="org.example.TestRunner.TestRunner" time="177.029" tests="12" errors="0" skipped="0" failures="0">
  <properties>
[...]
</properties>
  <testcase name="runScenario" classname="org.example.TestRunner.TestRunner" time="18.982"/>
  <testcase name="runScenario" classname="org.example.TestRunner.TestRunner" time="14.533"/>
  <testcase name="runScenario" classname="org.example.TestRunner.TestRunner" time="30.103"/>
  <testcase name="runScenario" classname="org.example.TestRunner.TestRunner" time="14.188"/>
  <testcase name="runScenario" classname="org.example.TestRunner.TestRunner" time="12.598"/>
  <testcase name="runScenario" classname="org.example.TestRunner.TestRunner" time="13.064"/>
  <testcase name="runScenario" classname="org.example.TestRunner.TestRunner" time="10.379"/>
  <testcase name="runScenario" classname="org.example.TestRunner.TestRunner" time="10.725"/>
  <testcase name="runScenario" classname="org.example.TestRunner.TestRunner" time="11.394"/>
  <testcase name="runScenario" classname="org.example.TestRunner.TestRunner" time="11.12"/>
  <testcase name="runScenario" classname="org.example.TestRunner.TestRunner" time="11.883"/>
  <testcase name="runScenario" classname="org.example.TestRunner.TestRunner" time="15.318"/>
</testsuite>