<?xml version="1.0" encoding="UTF-8"?>
<testng-results ignored="0" total="12" passed="12" failed="0" skipped="0">
  <reporter-output>
  </reporter-output>
  <suite started-at="2022-07-21T16:52:33 EET" name="Surefire suite" finished-at="2022-07-21T16:54:56 EET" duration-ms="142460">
    <groups>
      <group name="cucumber">
        <method signature="AbstractTestNGCucumberTests.runScenario(io.cucumber.testng.PickleWrapper,io.cucumber.testng.FeatureWrapper)[pri:0, instance:org.example.TestRunner.TestRunner@4c15e7fd]" name="runScenario" class="io.cucumber.testng.AbstractTestNGCucumberTests"/>
      </group> <!-- cucumber -->
    </groups>
    <test started-at="2022-07-21T16:52:33 EET" name="Surefire test" finished-at="2022-07-21T16:54:56 EET" duration-ms="142460">
      <class name="org.example.TestRunner.TestRunner">
        <test-method is-config="true" signature="setUpClass(org.testng.ITestContext)[pri:0, instance:org.example.TestRunner.TestRunner@4c15e7fd]" started-at="2022-07-21T16:52:33 EET" name="setUpClass" finished-at="2022-07-21T16:52:34 EET" duration-ms="429" status="PASS">
          <params>
            <param index="0">
              <value>
                <![CDATA[org.testng.TestRunner@184de357]]>
              </value>
            </param>
          </params>
          <reporter-output>
          </reporter-output>
        </test-method> <!-- setUpClass -->
        <test-method signature="runScenario(io.cucumber.testng.PickleWrapper,io.cucumber.testng.FeatureWrapper)[pri:0, instance:org.example.TestRunner.TestRunner@4c15e7fd]" started-at="2022-07-21T16:52:34 EET" name="runScenario" description="Runs Cucumber Scenarios" data-provider="scenarios" finished-at="2022-07-21T16:52:46 EET" duration-ms="12913" status="PASS">
          <params>
            <param index="0">
              <value>
                <![CDATA["adding phone to wishlist"]]>
              </value>
            </param>
            <param index="1">
              <value>
                <![CDATA["Add different products to wishlist"]]>
              </value>
            </param>
          </params>
          <reporter-output>
          </reporter-output>
        </test-method> <!-- runScenario -->
        <test-method signature="runScenario(io.cucumber.testng.PickleWrapper,io.cucumber.testng.FeatureWrapper)[pri:0, instance:org.example.TestRunner.TestRunner@4c15e7fd]" started-at="2022-07-21T16:52:46 EET" name="runScenario" description="Runs Cucumber Scenarios" data-provider="scenarios" finished-at="2022-07-21T16:52:58 EET" duration-ms="11221" status="PASS">
          <params>
            <param index="0">
              <value>
                <![CDATA["add products to compare list"]]>
              </value>
            </param>
            <param index="1">
              <value>
                <![CDATA["user could add different products to compare list"]]>
              </value>
            </param>
          </params>
          <reporter-output>
          </reporter-output>
        </test-method> <!-- runScenario -->
        <test-method signature="runScenario(io.cucumber.testng.PickleWrapper,io.cucumber.testng.FeatureWrapper)[pri:0, instance:org.example.TestRunner.TestRunner@4c15e7fd]" started-at="2022-07-21T16:52:58 EET" name="runScenario" description="Runs Cucumber Scenarios" data-provider="scenarios" finished-at="2022-07-21T16:53:18 EET" duration-ms="20485" status="PASS">
          <params>
            <param index="0">
              <value>
                <![CDATA["user make an order and entering all of his informations"]]>
              </value>
            </param>
            <param index="1">
              <value>
                <![CDATA["Create Order"]]>
              </value>
            </param>
          </params>
          <reporter-output>
          </reporter-output>
        </test-method> <!-- runScenario -->
        <test-method signature="runScenario(io.cucumber.testng.PickleWrapper,io.cucumber.testng.FeatureWrapper)[pri:0, instance:org.example.TestRunner.TestRunner@4c15e7fd]" started-at="2022-07-21T16:53:18 EET" name="runScenario" description="Runs Cucumber Scenarios" data-provider="scenarios" finished-at="2022-07-21T16:53:29 EET" duration-ms="10989" status="PASS">
          <params>
            <param index="0">
              <value>
                <![CDATA["Test Register"]]>
              </value>
            </param>
            <param index="1">
              <value>
                <![CDATA["Register With New Data"]]>
              </value>
            </param>
          </params>
          <reporter-output>
          </reporter-output>
        </test-method> <!-- runScenario -->
        <test-method signature="runScenario(io.cucumber.testng.PickleWrapper,io.cucumber.testng.FeatureWrapper)[pri:0, instance:org.example.TestRunner.TestRunner@4c15e7fd]" started-at="2022-07-21T16:53:29 EET" name="runScenario" description="Runs Cucumber Scenarios" data-provider="scenarios" finished-at="2022-07-21T16:53:39 EET" duration-ms="10308" status="PASS">
          <params>
            <param index="0">
              <value>
                <![CDATA["Test Login"]]>
              </value>
            </param>
            <param index="1">
              <value>
                <![CDATA["Login with valid data"]]>
              </value>
            </param>
          </params>
          <reporter-output>
          </reporter-output>
        </test-method> <!-- runScenario -->
        <test-method signature="runScenario(io.cucumber.testng.PickleWrapper,io.cucumber.testng.FeatureWrapper)[pri:0, instance:org.example.TestRunner.TestRunner@4c15e7fd]" started-at="2022-07-21T16:53:39 EET" name="runScenario" description="Runs Cucumber Scenarios" data-provider="scenarios" finished-at="2022-07-21T16:53:50 EET" duration-ms="10241" status="PASS">
          <params>
            <param index="0">
              <value>
                <![CDATA["Test forget password"]]>
              </value>
            </param>
            <param index="1">
              <value>
                <![CDATA["Test Reset password"]]>
              </value>
            </param>
          </params>
          <reporter-output>
          </reporter-output>
        </test-method> <!-- runScenario -->
        <test-method signature="runScenario(io.cucumber.testng.PickleWrapper,io.cucumber.testng.FeatureWrapper)[pri:0, instance:org.example.TestRunner.TestRunner@4c15e7fd]" started-at="2022-07-21T16:53:50 EET" name="runScenario" description="Runs Cucumber Scenarios" data-provider="scenarios" finished-at="2022-07-21T16:53:59 EET" duration-ms="8903" status="PASS">
          <params>
            <param index="0">
              <value>
                <![CDATA["Search for any product"]]>
              </value>
            </param>
            <param index="1">
              <value>
                <![CDATA["Search for a Product"]]>
              </value>
            </param>
          </params>
          <reporter-output>
          </reporter-output>
        </test-method> <!-- runScenario -->
        <test-method signature="runScenario(io.cucumber.testng.PickleWrapper,io.cucumber.testng.FeatureWrapper)[pri:0, instance:org.example.TestRunner.TestRunner@4c15e7fd]" started-at="2022-07-21T16:53:59 EET" name="runScenario" description="Runs Cucumber Scenarios" data-provider="scenarios" finished-at="2022-07-21T16:54:08 EET" duration-ms="9833" status="PASS">
          <params>
            <param index="0">
              <value>
                <![CDATA["change currency to Euro"]]>
              </value>
            </param>
            <param index="1">
              <value>
                <![CDATA["Checking Changing between currencies"]]>
              </value>
            </param>
          </params>
          <reporter-output>
          </reporter-output>
        </test-method> <!-- runScenario -->
        <test-method signature="runScenario(io.cucumber.testng.PickleWrapper,io.cucumber.testng.FeatureWrapper)[pri:0, instance:org.example.TestRunner.TestRunner@4c15e7fd]" started-at="2022-07-21T16:54:08 EET" name="runScenario" description="Runs Cucumber Scenarios" data-provider="scenarios" finished-at="2022-07-21T16:54:19 EET" duration-ms="10660" status="PASS">
          <params>
            <param index="0">
              <value>
                <![CDATA["choosing subCategory"]]>
              </value>
            </param>
            <param index="1">
              <value>
                <![CDATA["Hover a category and choosing subCategory"]]>
              </value>
            </param>
          </params>
          <reporter-output>
          </reporter-output>
        </test-method> <!-- runScenario -->
        <test-method signature="runScenario(io.cucumber.testng.PickleWrapper,io.cucumber.testng.FeatureWrapper)[pri:0, instance:org.example.TestRunner.TestRunner@4c15e7fd]" started-at="2022-07-21T16:54:19 EET" name="runScenario" description="Runs Cucumber Scenarios" data-provider="scenarios" finished-at="2022-07-21T16:54:28 EET" duration-ms="8904" status="PASS">
          <params>
            <param index="0">
              <value>
                <![CDATA["Filter shoes with thier color"]]>
              </value>
            </param>
            <param index="1">
              <value>
                <![CDATA["Filter with colour"]]>
              </value>
            </param>
          </params>
          <reporter-output>
          </reporter-output>
        </test-method> <!-- runScenario -->
        <test-method signature="runScenario(io.cucumber.testng.PickleWrapper,io.cucumber.testng.FeatureWrapper)[pri:0, instance:org.example.TestRunner.TestRunner@4c15e7fd]" started-at="2022-07-21T16:54:28 EET" name="runScenario" description="Runs Cucumber Scenarios" data-provider="scenarios" finished-at="2022-07-21T16:54:41 EET" duration-ms="12996" status="PASS">
          <params>
            <param index="0">
              <value>
                <![CDATA["choose random categories and tags"]]>
              </value>
            </param>
            <param index="1">
              <value>
                <![CDATA["Select Different tags"]]>
              </value>
            </param>
          </params>
          <reporter-output>
          </reporter-output>
        </test-method> <!-- runScenario -->
        <test-method signature="runScenario(io.cucumber.testng.PickleWrapper,io.cucumber.testng.FeatureWrapper)[pri:0, instance:org.example.TestRunner.TestRunner@4c15e7fd]" started-at="2022-07-21T16:54:41 EET" name="runScenario" description="Runs Cucumber Scenarios" data-provider="scenarios" finished-at="2022-07-21T16:54:55 EET" duration-ms="14349" status="PASS">
          <params>
            <param index="0">
              <value>
                <![CDATA["Adding and checking cart"]]>
              </value>
            </param>
            <param index="1">
              <value>
                <![CDATA["user could add different products to Shopping cart"]]>
              </value>
            </param>
          </params>
          <reporter-output>
          </reporter-output>
        </test-method> <!-- runScenario -->
        <test-method is-config="true" signature="tearDownClass()[pri:0, instance:org.example.TestRunner.TestRunner@4c15e7fd]" started-at="2022-07-21T16:54:55 EET" name="tearDownClass" finished-at="2022-07-21T16:54:56 EET" duration-ms="193" status="PASS">
          <reporter-output>
          </reporter-output>
        </test-method> <!-- tearDownClass -->
      </class> <!-- org.example.TestRunner.TestRunner -->
    </test> <!-- Surefire test -->
  </suite> <!-- Surefire suite -->
</testng-results>
